<?xml version="1.0" encoding="UTF-8"?>
<!-- Generated by org.testng.reporters.JUnitReportReporter -->
<testsuite hostname="DESKTOP-8TAFP42" failures="0" tests="1" name="com.sddevops.CakeOrderSys.NewTest" time="0.261" errors="0" timestamp="27 Jul 2024 12:29:23 GMT">
  <testcase classname="com.sddevops.CakeOrderSys.NewTest" name="testTitle" time="0.261"/>
</testsuite> <!-- com.sddevops.CakeOrderSys.NewTest -->
